Flutter crash report.
Please report a bug at https://github.com/flutter/flutter/issues.

## command

flutter -v drive --target=test_driver/e2e.dart

## exception

NoSuchMethodError: NoSuchMethodError: The getter 'printTrace' was called on null.
Receiver: null
Tried calling: printTrace

```
#0      Object.noSuchMethod (dart:core-patch/object_patch.dart:54:5)
#1      _defaultOpenChannel.handleError (package:flutter_tools/src/vmservice.dart:114:54)
#2      _defaultOpenChannel.handleError (package:flutter_tools/src/vmservice.dart:113:27)
#3      _defaultOpenChannel (package:flutter_tools/src/vmservice.dart:155:24)
<asynchronous suspension>
#4      createVmServiceDelegate (package:flutter_tools/src/vmservice.dart:334:32)
<asynchronous suspension>
#5      _connect (package:flutter_tools/src/vmservice.dart:357:48)
<asynchronous suspension>
#6      FlutterDriverService.reuseApplication (package:flutter_tools/src/drive/drive_service.dart:221:18)
<asynchronous suspension>
#7      DriveCommand.runCommand (package:flutter_tools/src/commands/drive.dart:232:7)
<asynchronous suspension>
#8      FlutterCommand.run.<anonymous closure> (package:flutter_tools/src/runner/flutter_command.dart:1043:27)
<asynchronous suspension>
#9      AppContext.run.<anonymous closure> (package:flutter_tools/src/base/context.dart:150:19)
<asynchronous suspension>
#10     CommandRunner.runCommand (package:args/command_runner.dart:196:13)
<asynchronous suspension>
#11     FlutterCommandRunner.runCommand.<anonymous closure> (package:flutter_tools/src/runner/flutter_command_runner.dart:284:9)
<asynchronous suspension>
#12     AppContext.run.<anonymous closure> (package:flutter_tools/src/base/context.dart:150:19)
<asynchronous suspension>
#13     FlutterCommandRunner.runCommand (package:flutter_tools/src/runner/flutter_command_runner.dart:232:5)
<asynchronous suspension>
#14     run.<anonymous closure>.<anonymous closure> (package:flutter_tools/runner.dart:62:9)
<asynchronous suspension>
#15     AppContext.run.<anonymous closure> (package:flutter_tools/src/base/context.dart:150:19)
<asynchronous suspension>
#16     main (package:flutter_tools/executable.dart:91:3)
<asynchronous suspension>
```

## flutter doctor

```
[✓] Flutter (Channel stable, 2.2.3, on Microsoft Windows [Version 10.0.19041.1110], locale en-GB)
    • Flutter version 2.2.3 at C:\Users\Marke\Documents\flutter
    • Framework revision f4abaa0735 (3 weeks ago), 2021-07-01 12:46:11 -0700
    • Engine revision 241c87ad80
    • Dart version 2.13.4

[✓] Android toolchain - develop for Android devices (Android SDK version 30.0.3)
    • Android SDK at C:\Users\Marke\AppData\Local\Android\Sdk
    • Platform android-30, build-tools 30.0.3
    • ANDROID_HOME = C:\Users\Marke\AppData\Local\Android\Sdk
    • ANDROID_SDK_ROOT = C:\Users\Marke\AppData\Local\Android\Sdk
    • Java binary at: C:\Program Files\Android\Android Studio\jre\bin\java
    • Java version OpenJDK Runtime Environment (build 11.0.8+10-b944.6842174)
    • All Android licenses accepted.

[✓] Chrome - develop for the web
    • Chrome at C:\Program Files (x86)\Google\Chrome\Application\chrome.exe

[✓] Android Studio
    • Android Studio at C:\Program Files\Android\Android Studio
    • Flutter plugin can be installed from:
      🔨 https://plugins.jetbrains.com/plugin/9212-flutter
    • Dart plugin can be installed from:
      🔨 https://plugins.jetbrains.com/plugin/6351-dart
    • android-studio-dir = C:\Program Files\Android\Android Studio
    • Java version OpenJDK Runtime Environment (build 11.0.8+10-b944.6842174)

[✓] IntelliJ IDEA Community Edition (version 2018.2)
    • IntelliJ at C:\EEWork\Softwares\ideaIC-2018.2.6.win
    • Flutter plugin can be installed from:
      🔨 https://plugins.jetbrains.com/plugin/9212-flutter
    • Dart plugin can be installed from:
      🔨 https://plugins.jetbrains.com/plugin/6351-dart

[✓] IntelliJ IDEA Community Edition (version 2020.2)
    • IntelliJ at C:\Program Files\JetBrains\IntelliJ IDEA Community Edition 2020.2.1
    • Flutter plugin version 58.0.1
    • Dart plugin version 202.8531

[✓] VS Code (version 1.58.1)
    • VS Code at C:\Users\Marke\AppData\Local\Programs\Microsoft VS Code
    • Flutter extension version 3.24.0

[✓] Connected device (3 available)
    • RF8NB01MW2D (mobile) • RF8NB01MW2D • android-arm64  • Android 11 (API 30)
    • Chrome (web)         • chrome      • web-javascript • Google Chrome 91.0.4472.124
    • Edge (web)           • edge        • web-javascript • Microsoft Edge 91.0.864.70

• No issues found!
```
